Determining if the pthread_create exist failed with the following output:
Change Dir: /home/chranos/ROS/ROS_drone/src/usb_cam/build/CMakeFiles/CMakeTmp

Run Build Command:"/usr/bin/make" "cmTC_fbc57/fast"
/usr/bin/make -f CMakeFiles/cmTC_fbc57.dir/build.make CMakeFiles/cmTC_fbc57.dir/build
make[1]: 进入目录“/home/chranos/ROS/ROS_drone/src/usb_cam/build/CMakeFiles/CMakeTmp”
Building C object CMakeFiles/cmTC_fbc57.dir/CheckSymbolExists.c.o
/usr/bin/cc    -o CMakeFiles/cmTC_fbc57.dir/CheckSymbolExists.c.o   -c /home/chranos/ROS/ROS_drone/src/usb_cam/build/CMakeFiles/CMakeTmp/CheckSymbolExists.c
Linking C executable cmTC_fbc57
/usr/bin/cmake -E cmake_link_script CMakeFiles/cmTC_fbc57.dir/link.txt --verbose=1
/usr/bin/cc      -rdynamic CMakeFiles/cmTC_fbc57.dir/CheckSymbolExists.c.o  -o cmTC_fbc57 
CMakeFiles/cmTC_fbc57.dir/CheckSymbolExists.c.o：在函数‘main’中：
CheckSymbolExists.c:(.text+0x1b)：对‘pthread_create’未定义的引用
collect2: error: ld returned 1 exit status
CMakeFiles/cmTC_fbc57.dir/build.make:97: recipe for target 'cmTC_fbc57' failed
make[1]: *** [cmTC_fbc57] Error 1
make[1]: 离开目录“/home/chranos/ROS/ROS_drone/src/usb_cam/build/CMakeFiles/CMakeTmp”
Makefile:126: recipe for target 'cmTC_fbc57/fast' failed
make: *** [cmTC_fbc57/fast] Error 2

File /home/chranos/ROS/ROS_drone/src/usb_cam/build/CMakeFiles/CMakeTmp/CheckSymbolExists.c:
/* */
#include <pthread.h>

int main(int argc, char** argv)
{
  (void)argv;
#ifndef pthread_create
  return ((int*)(&pthread_create))[argc];
#else
  (void)argc;
  return 0;
#endif
}

Determining if the function pthread_create exists in the pthreads failed with the following output:
Change Dir: /home/chranos/ROS/ROS_drone/src/usb_cam/build/CMakeFiles/CMakeTmp

Run Build Command:"/usr/bin/make" "cmTC_902e1/fast"
/usr/bin/make -f CMakeFiles/cmTC_902e1.dir/build.make CMakeFiles/cmTC_902e1.dir/build
make[1]: 进入目录“/home/chranos/ROS/ROS_drone/src/usb_cam/build/CMakeFiles/CMakeTmp”
Building C object CMakeFiles/cmTC_902e1.dir/CheckFunctionExists.c.o
/usr/bin/cc   -DCHECK_FUNCTION_EXISTS=pthread_create   -o CMakeFiles/cmTC_902e1.dir/CheckFunctionExists.c.o   -c /usr/share/cmake-3.10/Modules/CheckFunctionExists.c
Linking C executable cmTC_902e1
/usr/bin/cmake -E cmake_link_script CMakeFiles/cmTC_902e1.dir/link.txt --verbose=1
/usr/bin/cc  -DCHECK_FUNCTION_EXISTS=pthread_create    -rdynamic CMakeFiles/cmTC_902e1.dir/CheckFunctionExists.c.o  -o cmTC_902e1 -lpthreads 
/usr/bin/ld: 找不到 -lpthreads
collect2: error: ld returned 1 exit status
CMakeFiles/cmTC_902e1.dir/build.make:97: recipe for target 'cmTC_902e1' failed
make[1]: *** [cmTC_902e1] Error 1
make[1]: 离开目录“/home/chranos/ROS/ROS_drone/src/usb_cam/build/CMakeFiles/CMakeTmp”
Makefile:126: recipe for target 'cmTC_902e1/fast' failed
make: *** [cmTC_902e1/fast] Error 2


