Determining if the pthread_create exist failed with the following output:
Change Dir: /home/chranos/ROS_Drone_ws/build/CMakeFiles/CMakeTmp

Run Build Command:"/usr/bin/make" "cmTC_3228d/fast"
/usr/bin/make -f CMakeFiles/cmTC_3228d.dir/build.make CMakeFiles/cmTC_3228d.dir/build
make[1]: 进入目录“/home/chranos/ROS_Drone_ws/build/CMakeFiles/CMakeTmp”
Building C object CMakeFiles/cmTC_3228d.dir/CheckSymbolExists.c.o
/usr/bin/cc    -o CMakeFiles/cmTC_3228d.dir/CheckSymbolExists.c.o   -c /home/chranos/ROS_Drone_ws/build/CMakeFiles/CMakeTmp/CheckSymbolExists.c
Linking C executable cmTC_3228d
/usr/bin/cmake -E cmake_link_script CMakeFiles/cmTC_3228d.dir/link.txt --verbose=1
/usr/bin/cc      -rdynamic CMakeFiles/cmTC_3228d.dir/CheckSymbolExists.c.o  -o cmTC_3228d 
CMakeFiles/cmTC_3228d.dir/CheckSymbolExists.c.o：在函数‘main’中：
CheckSymbolExists.c:(.text+0x1b)：对‘pthread_create’未定义的引用
collect2: error: ld returned 1 exit status
CMakeFiles/cmTC_3228d.dir/build.make:97: recipe for target 'cmTC_3228d' failed
make[1]: *** [cmTC_3228d] Error 1
make[1]: 离开目录“/home/chranos/ROS_Drone_ws/build/CMakeFiles/CMakeTmp”
Makefile:126: recipe for target 'cmTC_3228d/fast' failed
make: *** [cmTC_3228d/fast] Error 2

File /home/chranos/ROS_Drone_ws/build/CMakeFiles/CMakeTmp/CheckSymbolExists.c:
/* */
#include <pthread.h>

int main(int argc, char** argv)
{
  (void)argv;
#ifndef pthread_create
  return ((int*)(&pthread_create))[argc];
#else
  (void)argc;
  return 0;
#endif
}

Determining if the function pthread_create exists in the pthreads failed with the following output:
Change Dir: /home/chranos/ROS_Drone_ws/build/CMakeFiles/CMakeTmp

Run Build Command:"/usr/bin/make" "cmTC_5c39e/fast"
/usr/bin/make -f CMakeFiles/cmTC_5c39e.dir/build.make CMakeFiles/cmTC_5c39e.dir/build
make[1]: 进入目录“/home/chranos/ROS_Drone_ws/build/CMakeFiles/CMakeTmp”
Building C object CMakeFiles/cmTC_5c39e.dir/CheckFunctionExists.c.o
/usr/bin/cc   -DCHECK_FUNCTION_EXISTS=pthread_create   -o CMakeFiles/cmTC_5c39e.dir/CheckFunctionExists.c.o   -c /usr/share/cmake-3.10/Modules/CheckFunctionExists.c
Linking C executable cmTC_5c39e
/usr/bin/cmake -E cmake_link_script CMakeFiles/cmTC_5c39e.dir/link.txt --verbose=1
/usr/bin/cc  -DCHECK_FUNCTION_EXISTS=pthread_create    -rdynamic CMakeFiles/cmTC_5c39e.dir/CheckFunctionExists.c.o  -o cmTC_5c39e -lpthreads 
/usr/bin/ld: 找不到 -lpthreads
collect2: error: ld returned 1 exit status
CMakeFiles/cmTC_5c39e.dir/build.make:97: recipe for target 'cmTC_5c39e' failed
make[1]: *** [cmTC_5c39e] Error 1
make[1]: 离开目录“/home/chranos/ROS_Drone_ws/build/CMakeFiles/CMakeTmp”
Makefile:126: recipe for target 'cmTC_5c39e/fast' failed
make: *** [cmTC_5c39e/fast] Error 2


